<?xml version="1.0" encoding="UTF-8"?>
<testsuite name="com.insightfullogic.java8.answers.chapter3.StringExercisesTest" time="0" tests="5" errors="0" skipped="0" failures="0">
  <properties>
    <property name="idea.version" value="2017.2.3"/>
    <property name="java.runtime.name" value="Java(TM) SE Runtime Environment"/>
    <property name="sun.boot.library.path" value="C:\Oracle\Java\jdk1.8.0_144\jre\bin"/>
    <property name="java.vm.version" value="25.144-b01"/>
    <property name="java.vm.vendor" value="Oracle Corporation"/>
    <property name="maven.multiModuleProjectDirectory" value="C:\MyProjects\java-8-lambdas-exercises"/>
    <property name="java.vendor.url" value="http://java.oracle.com/"/>
    <property name="path.separator" value=";"/>
    <property name="guice.disable.misplaced.annotation.check" value="true"/>
    <property name="java.vm.name" value="Java HotSpot(TM) 64-Bit Server VM"/>
    <property name="file.encoding.pkg" value="sun.io"/>
    <property name="user.script" value=""/>
    <property name="user.country" value="US"/>
    <property name="sun.java.launcher" value="SUN_STANDARD"/>
    <property name="sun.os.patch.level" value=""/>
    <property name="java.vm.specification.name" value="Java Virtual Machine Specification"/>
    <property name="user.dir" value="C:\MyProjects\java-8-lambdas-exercises"/>
    <property name="java.runtime.version" value="1.8.0_144-b01"/>
    <property name="java.awt.graphicsenv" value="sun.awt.Win32GraphicsEnvironment"/>
    <property name="java.endorsed.dirs" value="C:\Oracle\Java\jdk1.8.0_144\jre\lib\endorsed"/>
    <property name="os.arch" value="amd64"/>
    <property name="java.io.tmpdir" value="C:\Users\ALEKSA~1\AppData\Local\Temp\"/>
    <property name="line.separator" value="&#10;"/>
    <property name="java.vm.specification.vendor" value="Oracle Corporation"/>
    <property name="user.variant" value=""/>
    <property name="os.name" value="Windows 10"/>
    <property name="classworlds.conf" value="C:\JetBrains\IntelliJIDEACommunityEdition2017.2.3\plugins\maven\lib\maven3\bin\m2.conf"/>
    <property name="sun.jnu.encoding" value="Cp1252"/>
    <property name="java.library.path" value="C:\Oracle\Java\jdk1.8.0_144\bin;C:\WINDOWS\Sun\Java\bin;C:\WINDOWS\system32;C:\WINDOWS;C:\Program Files (x86)\Cuminas\Document Express DjVu Plug-in\;C:\ProgramData\Oracle\Java\javapath;C:\WINDOWS\system32;C:\WINDOWS;C:\WINDOWS\System32\Wbem;C:\WINDOWS\System32\WindowsPowerShell\v1.0\;C:\Program Files\TortoiseSVN\bin;C:\Program Files (x86)\Skype\Phone\;C:\Program Files\Git\cmd;C:\Program Files (x86)\Common Files\GTK\2.0\bin;C:\development\apache-maven-3.5.0\bin;C:\Program Files (x86)\Far Manager;C:\Users\Aleksandr_Lobov\AppData\Local\Microsoft\WindowsApps;;."/>
    <property name="java.specification.name" value="Java Platform API Specification"/>
    <property name="java.class.version" value="52.0"/>
    <property name="sun.management.compiler" value="HotSpot 64-Bit Tiered Compilers"/>
    <property name="os.version" value="10.0"/>
    <property name="user.home" value="C:\Users\Aleksandr_Lobov"/>
    <property name="user.timezone" value="Asia/Muscat"/>
    <property name="java.awt.printerjob" value="sun.awt.windows.WPrinterJob"/>
    <property name="java.specification.version" value="1.8"/>
    <property name="file.encoding" value="UTF-8"/>
    <property name="user.name" value="Aleksandr_Lobov"/>
    <property name="java.class.path" value="C:\JetBrains\IntelliJIDEACommunityEdition2017.2.3\plugins\maven\lib\maven3\boot\plexus-classworlds-2.5.2.jar;C:\JetBrains\IntelliJIDEACommunityEdition2017.2.3\lib\idea_rt.jar"/>
    <property name="java.vm.specification.version" value="1.8"/>
    <property name="sun.arch.data.model" value="64"/>
    <property name="java.home" value="C:\Oracle\Java\jdk1.8.0_144\jre"/>
    <property name="sun.java.command" value="org.codehaus.classworlds.Launcher -Didea.version=2017.2.3 install"/>
    <property name="java.specification.vendor" value="Oracle Corporation"/>
    <property name="user.language" value="en"/>
    <property name="awt.toolkit" value="sun.awt.windows.WToolkit"/>
    <property name="java.vm.info" value="mixed mode"/>
    <property name="java.version" value="1.8.0_144"/>
    <property name="java.ext.dirs" value="C:\Oracle\Java\jdk1.8.0_144\jre\lib\ext;C:\WINDOWS\Sun\Java\lib\ext"/>
    <property name="sun.boot.class.path" value="C:\Oracle\Java\jdk1.8.0_144\jre\lib\resources.jar;C:\Oracle\Java\jdk1.8.0_144\jre\lib\rt.jar;C:\Oracle\Java\jdk1.8.0_144\jre\lib\sunrsasign.jar;C:\Oracle\Java\jdk1.8.0_144\jre\lib\jsse.jar;C:\Oracle\Java\jdk1.8.0_144\jre\lib\jce.jar;C:\Oracle\Java\jdk1.8.0_144\jre\lib\charsets.jar;C:\Oracle\Java\jdk1.8.0_144\jre\lib\jfr.jar;C:\Oracle\Java\jdk1.8.0_144\jre\classes"/>
    <property name="java.vendor" value="Oracle Corporation"/>
    <property name="maven.home" value="C:\JetBrains\IntelliJIDEACommunityEdition2017.2.3\plugins\maven\lib\maven3"/>
    <property name="file.separator" value="\"/>
    <property name="java.vendor.url.bug" value="http://bugreport.sun.com/bugreport/"/>
    <property name="sun.cpu.endian" value="little"/>
    <property name="sun.io.unicode.encoding" value="UnicodeLittle"/>
    <property name="sun.desktop" value="windows"/>
    <property name="sun.cpu.isalist" value="amd64"/>
  </properties>
  <testcase name="noStringReturnedForEmptyList" classname="com.insightfullogic.java8.answers.chapter3.StringExercisesTest" time="0"/>
  <testcase name="noLowercaseLettersInAnEmptyString" classname="com.insightfullogic.java8.answers.chapter3.StringExercisesTest" time="0"/>
  <testcase name="findsMostLowercaseString" classname="com.insightfullogic.java8.answers.chapter3.StringExercisesTest" time="0"/>
  <testcase name="countsLowercaseLetterExample" classname="com.insightfullogic.java8.answers.chapter3.StringExercisesTest" time="0"/>
  <testcase name="suppoertsNoLowercaseLetters" classname="com.insightfullogic.java8.answers.chapter3.StringExercisesTest" time="0"/>
</testsuite>